<?xml version="1.0" encoding="UTF-8"?>
<!-- Generated by org.testng.reporters.JUnitReportReporter -->
<testsuite hostname="puja" failures="0" tests="2" name="com.testng.DemoTest" time="0.016" errors="0" timestamp="2021-11-02T07:31:47 IST" skipped="0">
  <testcase classname="com.testng.DemoTest" name="Demo2" time="0.014"/>
  <system-out/>
  <testcase classname="com.testng.DemoTest" name="Demo1" time="0.002"/>
  <system-out/>
</testsuite> <!-- com.testng.DemoTest -->
