<?xml version="1.0" encoding="UTF-8"?>
<!-- Generated by org.testng.reporters.JUnitReportReporter -->
<testsuite hostname="puja" failures="0" tests="3" name="com.testng.GroupInTestNg" time="0.025" errors="0" timestamp="2021-11-02T08:22:11 IST" skipped="0">
  <testcase classname="com.testng.GroupInTestNg" name="smokeAndsanityTest" time="0.002"/>
  <system-out/>
  <testcase classname="com.testng.GroupInTestNg" name="sanityTest" time="0.017"/>
  <system-out/>
  <testcase classname="com.testng.GroupInTestNg" name="smokeTest" time="0.006"/>
  <system-out/>
</testsuite> <!-- com.testng.GroupInTestNg -->
