<?xml version="1.0" encoding="UTF-8"?>
<!-- Generated by org.testng.reporters.JUnitReportReporter -->
<testsuite hostname="puja" failures="0" tests="2" name="com.testng.TestingFailedFile" time="0.012" errors="0" timestamp="2021-11-02T13:41:02 IST" skipped="0">
  <testcase classname="com.testng.TestingFailedFile" name="Test3" time="0.001"/>
  <system-out/>
  <testcase classname="com.testng.TestingFailedFile" name="Test5" time="0.011"/>
  <system-out/>
</testsuite> <!-- com.testng.TestingFailedFile -->
