<?xml version="1.0" encoding="UTF-8"?>
<!-- Generated by org.testng.reporters.JUnitReportReporter -->
<testsuite hostname="puja" failures="0" tests="1" name="com.testng.LogInTestNg" time="15.147" errors="0" timestamp="2021-11-02T18:56:43 IST" skipped="0">
  <testcase classname="com.testng.LogInTestNg" name="login" time="15.147"/>
  <system-out>
    <![CDATA[Set setting varible forweb driver
Launch chorome driver
Maximize window of launched browser
navigate to website that you are inserted
set username using name locator
set password using name locator
click the LOGIN button 
click the Welcome abcd button ]]>
  </system-out>
</testsuite> <!-- com.testng.LogInTestNg -->
