<?xml version="1.0" encoding="UTF-8"?>
<!-- Generated by org.testng.reporters.JUnitReportReporter -->
<testsuite hostname="puja" failures="0" tests="3" name="com.testng.FirstTestNGScript" time="0.009" errors="0" timestamp="2021-10-30T09:24:14 IST" skipped="0">
  <testcase classname="com.testng.FirstTestNGScript" name="checkOut" time="0.002"/>
  <system-out/>
  <testcase classname="com.testng.FirstTestNGScript" name="loginApplication" time="0.002"/>
  <system-out/>
  <testcase classname="com.testng.FirstTestNGScript" name="selectItems" time="0.005"/>
  <system-out/>
</testsuite> <!-- com.testng.FirstTestNGScript -->
