<?xml version="1.0" encoding="UTF-8"?>
<!-- Generated by org.testng.reporters.JUnitReportReporter -->
<testsuite hostname="puja" failures="0" tests="3" name="com.testng.TestReportInTestNG" time="0.020" errors="0" timestamp="2021-10-28T20:03:25 IST" skipped="0">
  <testcase classname="com.testng.TestReportInTestNG" name="Test2" time="0.001"/>
  <system-out/>
  <testcase classname="com.testng.TestReportInTestNG" name="Test3" time="0.001"/>
  <system-out/>
  <testcase classname="com.testng.TestReportInTestNG" name="Test1" time="0.018"/>
  <system-out/>
</testsuite> <!-- com.testng.TestReportInTestNG -->
