<?xml version="1.0" encoding="UTF-8"?>
<!-- Generated by org.testng.reporters.JUnitReportReporter -->
<testsuite hostname="puja" failures="0" tests="1" name="com.testng.ParametarizationInTestNg" time="0.011" errors="0" timestamp="2021-11-02T12:37:11 IST" skipped="0">
  <testcase classname="com.testng.ParametarizationInTestNg" name="Test1" time="0.011"/>
  <system-out/>
</testsuite> <!-- com.testng.ParametarizationInTestNg -->
