<?xml version="1.0" encoding="UTF-8"?>
<!-- Generated by org.testng.reporters.JUnitReportReporter -->
<testsuite hostname="puja" failures="0" tests="2" name="com.testng.AssertionInTestNg" time="0.011" errors="0" timestamp="2021-10-30T09:24:14 IST" skipped="0">
  <testcase classname="com.testng.AssertionInTestNg" name="Test1" time="0.009"/>
  <system-out/>
  <testcase classname="com.testng.AssertionInTestNg" name="Test2" time="0.002"/>
  <system-out/>
</testsuite> <!-- com.testng.AssertionInTestNg -->
