<?xml version="1.0" encoding="UTF-8"?>
<!-- Generated by org.testng.reporters.JUnitReportReporter -->
<testsuite hostname="puja" failures="0" tests="1" name="AlertAndPopUp.Alert" time="5.352" errors="0" timestamp="2021-11-10T18:52:51 IST" skipped="0">
  <testcase classname="AlertAndPopUp.Alert" name="alert" time="5.352"/>
  <system-out/>
</testsuite> <!-- AlertAndPopUp.Alert -->
