<?xml version="1.0" encoding="UTF-8"?>
<!-- Generated by org.testng.reporters.JUnitReportReporter -->
<testsuite hostname="puja" failures="0" tests="3" name="com.testng.SecondTestNGScript" time="0.016" errors="0" timestamp="2021-10-29T13:22:16 IST" skipped="0">
  <testcase classname="com.testng.SecondTestNGScript" name="startApp" time="0.012"/>
  <system-out/>
  <testcase classname="com.testng.SecondTestNGScript" name="logout" time="0.002"/>
  <system-out/>
  <testcase classname="com.testng.SecondTestNGScript" name="loginApp" time="0.002"/>
  <system-out/>
</testsuite> <!-- com.testng.SecondTestNGScript -->
