<?xml version="1.0" encoding="UTF-8"?>
<!-- Generated by org.testng.reporters.JUnitReportReporter -->
<testsuite hostname="puja" failures="0" tests="5" name="com.testng.DataDrivenInTestNg" time="0.015" errors="0" timestamp="2021-11-03T08:35:03 IST" skipped="0">
  <testcase classname="com.testng.DataDrivenInTestNg" name="Test1" time="0.001"/>
  <system-out/>
  <testcase classname="com.testng.DataDrivenInTestNg" name="Test1" time="0.001"/>
  <system-out/>
  <testcase classname="com.testng.DataDrivenInTestNg" name="Test1" time="0.001"/>
  <system-out/>
  <testcase classname="com.testng.DataDrivenInTestNg" name="Test1" time="0.003"/>
  <system-out/>
  <testcase classname="com.testng.DataDrivenInTestNg" name="Test1" time="0.009"/>
  <system-out/>
</testsuite> <!-- com.testng.DataDrivenInTestNg -->
