<?xml version="1.0" encoding="UTF-8"?>
<!-- Generated by org.testng.reporters.JUnitReportReporter -->
<testsuite hostname="puja" failures="0" tests="1" name="Screenshot.CaptureScreenshot2" time="6.872" errors="0" timestamp="2021-11-10T15:38:35 IST" skipped="0">
  <testcase classname="Screenshot.CaptureScreenshot2" name="captureScreenshot" time="6.872"/>
  <system-out/>
</testsuite> <!-- Screenshot.CaptureScreenshot2 -->
